# JRE version: Java(TM) SE Runtime Environment (8.0_161-b12) (build 1.8.0_161-b12)
# Java VM: Java HotSpot(TM) 64-Bit Server VM (25.161-b12 mixed mode bsd-amd64 compressed oops)
Heap:
 PSYoungGen      total 31744K, used 13156K [0x000000076ab00000, 0x000000076dc00000, 0x00000007c0000000)
  eden space 31232K, 41% used [0x000000076ab00000,0x000000076b7b90f0,0x000000076c980000)
  from space 512K, 25% used [0x000000076db00000,0x000000076db20000,0x000000076db80000)
  to   space 512K, 0% used [0x000000076db80000,0x000000076db80000,0x000000076dc00000)
 ParOldGen       total 175104K, used 40849K [0x00000006c0000000, 0x00000006cab00000, 0x000000076ab00000)
  object space 175104K, 23% used [0x00000006c0000000,0x00000006c27e4520,0x00000006cab00000)
 Metaspace       used 20791K, capacity 21108K, committed 21248K, reserved 1069056K
  class space    used 2430K, capacity 2521K, committed 2560K, reserved 1048576K
GC Heap History (10 events):
Event: 41670.005 GC heap before
{Heap before GC invocations=365 (full 0):
 PSYoungGen      total 31744K, used 31424K [0x000000076ab00000, 0x000000076dc00000, 0x00000007c0000000)
  eden space 31232K, 100% used [0x000000076ab00000,0x000000076c980000,0x000000076c980000)
  from space 512K, 37% used [0x000000076db80000,0x000000076dbb0000,0x000000076dc00000)
  to   space 512K, 0% used [0x000000076db00000,0x000000076db00000,0x000000076db80000)
 ParOldGen       total 175104K, used 40817K [0x00000006c0000000, 0x00000006cab00000, 0x000000076ab00000)
  object space 175104K, 23% used [0x00000006c0000000,0x00000006c27dc520,0x00000006cab00000)
 Metaspace       used 20791K, capacity 21108K, committed 21248K, reserved 1069056K
  class space    used 2430K, capacity 2521K, committed 2560K, reserved 1048576K
Event: 41670.006 GC heap after
Heap after GC invocations=365 (full 0):
 PSYoungGen      total 31744K, used 192K [0x000000076ab00000, 0x000000076dc00000, 0x00000007c0000000)
  eden space 31232K, 0% used [0x000000076ab00000,0x000000076ab00000,0x000000076c980000)
  from space 512K, 37% used [0x000000076db00000,0x000000076db30000,0x000000076db80000)
  to   space 512K, 0% used [0x000000076db80000,0x000000076db80000,0x000000076dc00000)
 ParOldGen       total 175104K, used 40817K [0x00000006c0000000, 0x00000006cab00000, 0x000000076ab00000)
  object space 175104K, 23% used [0x00000006c0000000,0x00000006c27dc520,0x00000006cab00000)
 Metaspace       used 20791K, capacity 21108K, committed 21248K, reserved 1069056K
  class space    used 2430K, capacity 2521K, committed 2560K, reserved 1048576K
}
Event: 41766.751 GC heap before
{Heap before GC invocations=366 (full 0):
 PSYoungGen      total 31744K, used 31424K [0x000000076ab00000, 0x000000076dc00000, 0x00000007c0000000)
  eden space 31232K, 100% used [0x000000076ab00000,0x000000076c980000,0x000000076c980000)
  from space 512K, 37% used [0x000000076db00000,0x000000076db30000,0x000000076db80000)
  to   space 512K, 0% used [0x000000076db80000,0x000000076db80000,0x000000076dc00000)
 ParOldGen       total 175104K, used 40817K [0x00000006c0000000, 0x00000006cab00000, 0x000000076ab00000)
  object space 175104K, 23% used [0x00000006c0000000,0x00000006c27dc520,0x00000006cab00000)
 Metaspace       used 20791K, capacity 21108K, committed 21248K, reserved 1069056K
  class space    used 2430K, capacity 2521K, committed 2560K, reserved 1048576K
Event: 41766.753 GC heap after
Heap after GC invocations=366 (full 0):
 PSYoungGen      total 31744K, used 128K [0x000000076ab00000, 0x000000076dc00000, 0x00000007c0000000)
  eden space 31232K, 0% used [0x000000076ab00000,0x000000076ab00000,0x000000076c980000)
  from space 512K, 25% used [0x000000076db80000,0x000000076dba0000,0x000000076dc00000)
  to   space 512K, 0% used [0x000000076db00000,0x000000076db00000,0x000000076db80000)
 ParOldGen       total 175104K, used 40817K [0x00000006c0000000, 0x00000006cab00000, 0x000000076ab00000)
  object space 175104K, 23% used [0x00000006c0000000,0x00000006c27dc520,0x00000006cab00000)
 Metaspace       used 20791K, capacity 21108K, committed 21248K, reserved 1069056K
  class space    used 2430K, capacity 2521K, committed 2560K, reserved 1048576K
}
Event: 41862.653 GC heap before
{Heap before GC invocations=367 (full 0):
 PSYoungGen      total 31744K, used 31360K [0x000000076ab00000, 0x000000076dc00000, 0x00000007c0000000)
  eden space 31232K, 100% used [0x000000076ab00000,0x000000076c980000,0x000000076c980000)
  from space 512K, 25% used [0x000000076db80000,0x000000076dba0000,0x000000076dc00000)
  to   space 512K, 0% used [0x000000076db00000,0x000000076db00000,0x000000076db80000)
 ParOldGen       total 175104K, used 40817K [0x00000006c0000000, 0x00000006cab00000, 0x000000076ab00000)
  object space 175104K, 23% used [0x00000006c0000000,0x00000006c27dc520,0x00000006cab00000)
 Metaspace       used 20791K, capacity 21108K, committed 21248K, reserved 1069056K
  class space    used 2430K, capacity 2521K, committed 2560K, reserved 1048576K
Event: 41862.655 GC heap after
Heap after GC invocations=367 (full 0):
 PSYoungGen      total 31744K, used 224K [0x000000076ab00000, 0x000000076dc00000, 0x00000007c0000000)
  eden space 31232K, 0% used [0x000000076ab00000,0x000000076ab00000,0x000000076c980000)
  from space 512K, 43% used [0x000000076db00000,0x000000076db38000,0x000000076db80000)
  to   space 512K, 0% used [0x000000076db80000,0x000000076db80000,0x000000076dc00000)
 ParOldGen       total 175104K, used 40817K [0x00000006c0000000, 0x00000006cab00000, 0x000000076ab00000)
  object space 175104K, 23% used [0x00000006c0000000,0x00000006c27dc520,0x00000006cab00000)
 Metaspace       used 20791K, capacity 21108K, committed 21248K, reserved 1069056K
  class space    used 2430K, capacity 2521K, committed 2560K, reserved 1048576K
}
Event: 41958.952 GC heap before
{Heap before GC invocations=368 (full 0):
 PSYoungGen      total 31744K, used 31456K [0x000000076ab00000, 0x000000076dc00000, 0x00000007c0000000)
  eden space 31232K, 100% used [0x000000076ab00000,0x000000076c980000,0x000000076c980000)
  from space 512K, 43% used [0x000000076db00000,0x000000076db38000,0x000000076db80000)
  to   space 512K, 0% used [0x000000076db80000,0x000000076db80000,0x000000076dc00000)
 ParOldGen       total 175104K, used 40817K [0x00000006c0000000, 0x00000006cab00000, 0x000000076ab00000)
  object space 175104K, 23% used [0x00000006c0000000,0x00000006c27dc520,0x00000006cab00000)
 Metaspace       used 20791K, capacity 21108K, committed 21248K, reserved 1069056K
  class space    used 2430K, capacity 2521K, committed 2560K, reserved 1048576K
Event: 41958.953 GC heap after
Heap after GC invocations=368 (full 0):
 PSYoungGen      total 31744K, used 192K [0x000000076ab00000, 0x000000076dc00000, 0x00000007c0000000)
  eden space 31232K, 0% used [0x000000076ab00000,0x000000076ab00000,0x000000076c980000)
  from space 512K, 37% used [0x000000076db80000,0x000000076dbb0000,0x000000076dc00000)
  to   space 512K, 0% used [0x000000076db00000,0x000000076db00000,0x000000076db80000)
 ParOldGen       total 175104K, used 40849K [0x00000006c0000000, 0x00000006cab00000, 0x000000076ab00000)
  object space 175104K, 23% used [0x00000006c0000000,0x00000006c27e4520,0x00000006cab00000)
 Metaspace       used 20791K, capacity 21108K, committed 21248K, reserved 1069056K
  class space    used 2430K, capacity 2521K, committed 2560K, reserved 1048576K
}
Event: 42054.576 GC heap before
{Heap before GC invocations=369 (full 0):
 PSYoungGen      total 31744K, used 31424K [0x000000076ab00000, 0x000000076dc00000, 0x00000007c0000000)
  eden space 31232K, 100% used [0x000000076ab00000,0x000000076c980000,0x000000076c980000)
  from space 512K, 37% used [0x000000076db80000,0x000000076dbb0000,0x000000076dc00000)
  to   space 512K, 0% used [0x000000076db00000,0x000000076db00000,0x000000076db80000)
 ParOldGen       total 175104K, used 40849K [0x00000006c0000000, 0x00000006cab00000, 0x000000076ab00000)
  object space 175104K, 23% used [0x00000006c0000000,0x00000006c27e4520,0x00000006cab00000)
 Metaspace       used 20791K, capacity 21108K, committed 21248K, reserved 1069056K
  class space    used 2430K, capacity 2521K, committed 2560K, reserved 1048576K
Event: 42054.578 GC heap after
Heap after GC invocations=369 (full 0):
 PSYoungGen      total 31744K, used 128K [0x000000076ab00000, 0x000000076dc00000, 0x00000007c0000000)
  eden space 31232K, 0% used [0x000000076ab00000,0x000000076ab00000,0x000000076c980000)
  from space 512K, 25% used [0x000000076db00000,0x000000076db20000,0x000000076db80000)
  to   space 512K, 0% used [0x000000076db80000,0x000000076db80000,0x000000076dc00000)
 ParOldGen       total 175104K, used 40849K [0x00000006c0000000, 0x00000006cab00000, 0x000000076ab00000)
  object space 175104K, 23% used [0x00000006c0000000,0x00000006c27e4520,0x00000006cab00000)
 Metaspace       used 20791K, capacity 21108K, committed 21248K, reserved 1069056K
  class space    used 2430K, capacity 2521K, committed 2560K, reserved 1048576K
}

