# JRE version: Java(TM) SE Runtime Environment (8.0_161-b12) (build 1.8.0_161-b12)
# Java VM: Java HotSpot(TM) 64-Bit Server VM (25.161-b12 mixed mode bsd-amd64 compressed oops)
Heap:
 PSYoungGen      total 31744K, used 28326K [0x000000076ab00000, 0x000000076cb80000, 0x00000007c0000000)
  eden space 31232K, 90% used [0x000000076ab00000,0x000000076c679818,0x000000076c980000)
  from space 512K, 37% used [0x000000076cb00000,0x000000076cb30000,0x000000076cb80000)
  to   space 512K, 0% used [0x000000076ca80000,0x000000076ca80000,0x000000076cb00000)
 ParOldGen       total 175104K, used 6796K [0x00000006c0000000, 0x00000006cab00000, 0x000000076ab00000)
  object space 175104K, 3% used [0x00000006c0000000,0x00000006c06a33f8,0x00000006cab00000)
 Metaspace       used 19219K, capacity 19492K, committed 19712K, reserved 1067008K
  class space    used 2169K, capacity 2249K, committed 2304K, reserved 1048576K
GC Heap History (10 events):
Event: 31374.317 GC heap before
{Heap before GC invocations=312 (full 0):
 PSYoungGen      total 31744K, used 31456K [0x000000076ab00000, 0x000000076cb80000, 0x00000007c0000000)
  eden space 31232K, 100% used [0x000000076ab00000,0x000000076c980000,0x000000076c980000)
  from space 512K, 43% used [0x000000076ca80000,0x000000076cab8000,0x000000076cb00000)
  to   space 512K, 0% used [0x000000076cb00000,0x000000076cb00000,0x000000076cb80000)
 ParOldGen       total 175104K, used 6780K [0x00000006c0000000, 0x00000006cab00000, 0x000000076ab00000)
  object space 175104K, 3% used [0x00000006c0000000,0x00000006c069f3f8,0x00000006cab00000)
 Metaspace       used 19219K, capacity 19492K, committed 19712K, reserved 1067008K
  class space    used 2169K, capacity 2249K, committed 2304K, reserved 1048576K
Event: 31374.318 GC heap after
Heap after GC invocations=312 (full 0):
 PSYoungGen      total 31744K, used 192K [0x000000076ab00000, 0x000000076cb80000, 0x00000007c0000000)
  eden space 31232K, 0% used [0x000000076ab00000,0x000000076ab00000,0x000000076c980000)
  from space 512K, 37% used [0x000000076cb00000,0x000000076cb30000,0x000000076cb80000)
  to   space 512K, 0% used [0x000000076ca80000,0x000000076ca80000,0x000000076cb00000)
 ParOldGen       total 175104K, used 6780K [0x00000006c0000000, 0x00000006cab00000, 0x000000076ab00000)
  object space 175104K, 3% used [0x00000006c0000000,0x00000006c069f3f8,0x00000006cab00000)
 Metaspace       used 19219K, capacity 19492K, committed 19712K, reserved 1067008K
  class space    used 2169K, capacity 2249K, committed 2304K, reserved 1048576K
}
Event: 31468.614 GC heap before
{Heap before GC invocations=313 (full 0):
 PSYoungGen      total 31744K, used 31424K [0x000000076ab00000, 0x000000076cb80000, 0x00000007c0000000)
  eden space 31232K, 100% used [0x000000076ab00000,0x000000076c980000,0x000000076c980000)
  from space 512K, 37% used [0x000000076cb00000,0x000000076cb30000,0x000000076cb80000)
  to   space 512K, 0% used [0x000000076ca80000,0x000000076ca80000,0x000000076cb00000)
 ParOldGen       total 175104K, used 6780K [0x00000006c0000000, 0x00000006cab00000, 0x000000076ab00000)
  object space 175104K, 3% used [0x00000006c0000000,0x00000006c069f3f8,0x00000006cab00000)
 Metaspace       used 19219K, capacity 19492K, committed 19712K, reserved 1067008K
  class space    used 2169K, capacity 2249K, committed 2304K, reserved 1048576K
Event: 31468.616 GC heap after
Heap after GC invocations=313 (full 0):
 PSYoungGen      total 31744K, used 192K [0x000000076ab00000, 0x000000076cb80000, 0x00000007c0000000)
  eden space 31232K, 0% used [0x000000076ab00000,0x000000076ab00000,0x000000076c980000)
  from space 512K, 37% used [0x000000076ca80000,0x000000076cab0000,0x000000076cb00000)
  to   space 512K, 0% used [0x000000076cb00000,0x000000076cb00000,0x000000076cb80000)
 ParOldGen       total 175104K, used 6780K [0x00000006c0000000, 0x00000006cab00000, 0x000000076ab00000)
  object space 175104K, 3% used [0x00000006c0000000,0x00000006c069f3f8,0x00000006cab00000)
 Metaspace       used 19219K, capacity 19492K, committed 19712K, reserved 1067008K
  class space    used 2169K, capacity 2249K, committed 2304K, reserved 1048576K
}
Event: 31562.140 GC heap before
{Heap before GC invocations=314 (full 0):
 PSYoungGen      total 31744K, used 31424K [0x000000076ab00000, 0x000000076cb80000, 0x00000007c0000000)
  eden space 31232K, 100% used [0x000000076ab00000,0x000000076c980000,0x000000076c980000)
  from space 512K, 37% used [0x000000076ca80000,0x000000076cab0000,0x000000076cb00000)
  to   space 512K, 0% used [0x000000076cb00000,0x000000076cb00000,0x000000076cb80000)
 ParOldGen       total 175104K, used 6780K [0x00000006c0000000, 0x00000006cab00000, 0x000000076ab00000)
  object space 175104K, 3% used [0x00000006c0000000,0x00000006c069f3f8,0x00000006cab00000)
 Metaspace       used 19219K, capacity 19492K, committed 19712K, reserved 1067008K
  class space    used 2169K, capacity 2249K, committed 2304K, reserved 1048576K
Event: 31562.141 GC heap after
Heap after GC invocations=314 (full 0):
 PSYoungGen      total 31744K, used 192K [0x000000076ab00000, 0x000000076cb80000, 0x00000007c0000000)
  eden space 31232K, 0% used [0x000000076ab00000,0x000000076ab00000,0x000000076c980000)
  from space 512K, 37% used [0x000000076cb00000,0x000000076cb30000,0x000000076cb80000)
  to   space 512K, 0% used [0x000000076ca80000,0x000000076ca80000,0x000000076cb00000)
 ParOldGen       total 175104K, used 6780K [0x00000006c0000000, 0x00000006cab00000, 0x000000076ab00000)
  object space 175104K, 3% used [0x00000006c0000000,0x00000006c069f3f8,0x00000006cab00000)
 Metaspace       used 19219K, capacity 19492K, committed 19712K, reserved 1067008K
  class space    used 2169K, capacity 2249K, committed 2304K, reserved 1048576K
}
Event: 31656.761 GC heap before
{Heap before GC invocations=315 (full 0):
 PSYoungGen      total 31744K, used 31424K [0x000000076ab00000, 0x000000076cb80000, 0x00000007c0000000)
  eden space 31232K, 100% used [0x000000076ab00000,0x000000076c980000,0x000000076c980000)
  from space 512K, 37% used [0x000000076cb00000,0x000000076cb30000,0x000000076cb80000)
  to   space 512K, 0% used [0x000000076ca80000,0x000000076ca80000,0x000000076cb00000)
 ParOldGen       total 175104K, used 6780K [0x00000006c0000000, 0x00000006cab00000, 0x000000076ab00000)
  object space 175104K, 3% used [0x00000006c0000000,0x00000006c069f3f8,0x00000006cab00000)
 Metaspace       used 19219K, capacity 19492K, committed 19712K, reserved 1067008K
  class space    used 2169K, capacity 2249K, committed 2304K, reserved 1048576K
Event: 31656.762 GC heap after
Heap after GC invocations=315 (full 0):
 PSYoungGen      total 31744K, used 256K [0x000000076ab00000, 0x000000076cb80000, 0x00000007c0000000)
  eden space 31232K, 0% used [0x000000076ab00000,0x000000076ab00000,0x000000076c980000)
  from space 512K, 50% used [0x000000076ca80000,0x000000076cac0000,0x000000076cb00000)
  to   space 512K, 0% used [0x000000076cb00000,0x000000076cb00000,0x000000076cb80000)
 ParOldGen       total 175104K, used 6796K [0x00000006c0000000, 0x00000006cab00000, 0x000000076ab00000)
  object space 175104K, 3% used [0x00000006c0000000,0x00000006c06a33f8,0x00000006cab00000)
 Metaspace       used 19219K, capacity 19492K, committed 19712K, reserved 1067008K
  class space    used 2169K, capacity 2249K, committed 2304K, reserved 1048576K
}
Event: 31751.051 GC heap before
{Heap before GC invocations=316 (full 0):
 PSYoungGen      total 31744K, used 31488K [0x000000076ab00000, 0x000000076cb80000, 0x00000007c0000000)
  eden space 31232K, 100% used [0x000000076ab00000,0x000000076c980000,0x000000076c980000)
  from space 512K, 50% used [0x000000076ca80000,0x000000076cac0000,0x000000076cb00000)
  to   space 512K, 0% used [0x000000076cb00000,0x000000076cb00000,0x000000076cb80000)
 ParOldGen       total 175104K, used 6796K [0x00000006c0000000, 0x00000006cab00000, 0x000000076ab00000)
  object space 175104K, 3% used [0x00000006c0000000,0x00000006c06a33f8,0x00000006cab00000)
 Metaspace       used 19219K, capacity 19492K, committed 19712K, reserved 1067008K
  class space    used 2169K, capacity 2249K, committed 2304K, reserved 1048576K
Event: 31751.052 GC heap after
Heap after GC invocations=316 (full 0):
 PSYoungGen      total 31744K, used 192K [0x000000076ab00000, 0x000000076cb80000, 0x00000007c0000000)
  eden space 31232K, 0% used [0x000000076ab00000,0x000000076ab00000,0x000000076c980000)
  from space 512K, 37% used [0x000000076cb00000,0x000000076cb30000,0x000000076cb80000)
  to   space 512K, 0% used [0x000000076ca80000,0x000000076ca80000,0x000000076cb00000)
 ParOldGen       total 175104K, used 6796K [0x00000006c0000000, 0x00000006cab00000, 0x000000076ab00000)
  object space 175104K, 3% used [0x00000006c0000000,0x00000006c06a33f8,0x00000006cab00000)
 Metaspace       used 19219K, capacity 19492K, committed 19712K, reserved 1067008K
  class space    used 2169K, capacity 2249K, committed 2304K, reserved 1048576K
}

