# JRE version: Java(TM) SE Runtime Environment (8.0_161-b12) (build 1.8.0_161-b12)
# Java VM: Java HotSpot(TM) 64-Bit Server VM (25.161-b12 mixed mode bsd-amd64 compressed oops)
Heap:
 PSYoungGen      total 112640K, used 78125K [0x000000076ab00000, 0x0000000772e80000, 0x00000007c0000000)
  eden space 112128K, 69% used [0x000000076ab00000,0x000000076f70b498,0x0000000771880000)
  from space 512K, 50% used [0x0000000771c00000,0x0000000771c40000,0x0000000771c80000)
  to   space 11264K, 0% used [0x0000000772380000,0x0000000772380000,0x0000000772e80000)
 ParOldGen       total 70144K, used 5552K [0x00000006c0000000, 0x00000006c4480000, 0x000000076ab00000)
  object space 70144K, 7% used [0x00000006c0000000,0x00000006c056c240,0x00000006c4480000)
 Metaspace       used 20849K, capacity 21188K, committed 21504K, reserved 1069056K
  class space    used 2440K, capacity 2523K, committed 2560K, reserved 1048576K
GC Heap History (10 events):
Event: 139.459 GC heap before
{Heap before GC invocations=6 (full 1):
 PSYoungGen      total 132608K, used 5600K [0x000000076ab00000, 0x0000000773a00000, 0x00000007c0000000)
  eden space 126976K, 0% used [0x000000076ab00000,0x000000076ab00000,0x0000000772700000)
  from space 5632K, 99% used [0x0000000772b00000,0x0000000773078030,0x0000000773080000)
  to   space 9728K, 0% used [0x0000000773080000,0x0000000773080000,0x0000000773a00000)
 ParOldGen       total 175104K, used 56K [0x00000006c0000000, 0x00000006cab00000, 0x000000076ab00000)
  object space 175104K, 0% used [0x00000006c0000000,0x00000006c000e000,0x00000006cab00000)
 Metaspace       used 20841K, capacity 21124K, committed 21248K, reserved 1069056K
  class space    used 2439K, capacity 2523K, committed 2560K, reserved 1048576K
Event: 139.500 GC heap after
Heap after GC invocations=6 (full 1):
 PSYoungGen      total 132608K, used 0K [0x000000076ab00000, 0x0000000773a00000, 0x00000007c0000000)
  eden space 126976K, 0% used [0x000000076ab00000,0x000000076ab00000,0x0000000772700000)
  from space 5632K, 0% used [0x0000000772b00000,0x0000000772b00000,0x0000000773080000)
  to   space 9728K, 0% used [0x0000000773080000,0x0000000773080000,0x0000000773a00000)
 ParOldGen       total 70144K, used 5472K [0x00000006c0000000, 0x00000006c4480000, 0x000000076ab00000)
  object space 70144K, 7% used [0x00000006c0000000,0x00000006c0558240,0x00000006c4480000)
 Metaspace       used 20841K, capacity 21124K, committed 21248K, reserved 1069056K
  class space    used 2439K, capacity 2523K, committed 2560K, reserved 1048576K
}
Event: 507.842 GC heap before
{Heap before GC invocations=7 (full 1):
 PSYoungGen      total 132608K, used 126976K [0x000000076ab00000, 0x0000000773a00000, 0x00000007c0000000)
  eden space 126976K, 100% used [0x000000076ab00000,0x0000000772700000,0x0000000772700000)
  from space 5632K, 0% used [0x0000000772b00000,0x0000000772b00000,0x0000000773080000)
  to   space 9728K, 0% used [0x0000000773080000,0x0000000773080000,0x0000000773a00000)
 ParOldGen       total 70144K, used 5472K [0x00000006c0000000, 0x00000006c4480000, 0x000000076ab00000)
  object space 70144K, 7% used [0x00000006c0000000,0x00000006c0558240,0x00000006c4480000)
 Metaspace       used 20848K, capacity 21188K, committed 21504K, reserved 1069056K
  class space    used 2440K, capacity 2523K, committed 2560K, reserved 1048576K
Event: 507.844 GC heap after
Heap after GC invocations=7 (full 1):
 PSYoungGen      total 130560K, used 256K [0x000000076ab00000, 0x0000000773800000, 0x00000007c0000000)
  eden space 122880K, 0% used [0x000000076ab00000,0x000000076ab00000,0x0000000772300000)
  from space 7680K, 3% used [0x0000000773080000,0x00000007730c0000,0x0000000773800000)
  to   space 10752K, 0% used [0x0000000772300000,0x0000000772300000,0x0000000772d80000)
 ParOldGen       total 70144K, used 5480K [0x00000006c0000000, 0x00000006c4480000, 0x000000076ab00000)
  object space 70144K, 7% used [0x00000006c0000000,0x00000006c055a240,0x00000006c4480000)
 Metaspace       used 20848K, capacity 21188K, committed 21504K, reserved 1069056K
  class space    used 2440K, capacity 2523K, committed 2560K, reserved 1048576K
}
Event: 871.165 GC heap before
{Heap before GC invocations=8 (full 1):
 PSYoungGen      total 130560K, used 123136K [0x000000076ab00000, 0x0000000773800000, 0x00000007c0000000)
  eden space 122880K, 100% used [0x000000076ab00000,0x0000000772300000,0x0000000772300000)
  from space 7680K, 3% used [0x0000000773080000,0x00000007730c0000,0x0000000773800000)
  to   space 10752K, 0% used [0x0000000772300000,0x0000000772300000,0x0000000772d80000)
 ParOldGen       total 70144K, used 5480K [0x00000006c0000000, 0x00000006c4480000, 0x000000076ab00000)
  object space 70144K, 7% used [0x00000006c0000000,0x00000006c055a240,0x00000006c4480000)
 Metaspace       used 20848K, capacity 21188K, committed 21504K, reserved 1069056K
  class space    used 2440K, capacity 2523K, committed 2560K, reserved 1048576K
Event: 871.167 GC heap after
Heap after GC invocations=8 (full 1):
 PSYoungGen      total 119808K, used 256K [0x000000076ab00000, 0x0000000773480000, 0x00000007c0000000)
  eden space 119296K, 0% used [0x000000076ab00000,0x000000076ab00000,0x0000000771f80000)
  from space 512K, 50% used [0x0000000772300000,0x0000000772340000,0x0000000772380000)
  to   space 10752K, 0% used [0x0000000772a00000,0x0000000772a00000,0x0000000773480000)
 ParOldGen       total 70144K, used 5488K [0x00000006c0000000, 0x00000006c4480000, 0x000000076ab00000)
  object space 70144K, 7% used [0x00000006c0000000,0x00000006c055c240,0x00000006c4480000)
 Metaspace       used 20848K, capacity 21188K, committed 21504K, reserved 1069056K
  class space    used 2440K, capacity 2523K, committed 2560K, reserved 1048576K
}
Event: 1217.404 GC heap before
{Heap before GC invocations=9 (full 1):
 PSYoungGen      total 119808K, used 119552K [0x000000076ab00000, 0x0000000773480000, 0x00000007c0000000)
  eden space 119296K, 100% used [0x000000076ab00000,0x0000000771f80000,0x0000000771f80000)
  from space 512K, 50% used [0x0000000772300000,0x0000000772340000,0x0000000772380000)
  to   space 10752K, 0% used [0x0000000772a00000,0x0000000772a00000,0x0000000773480000)
 ParOldGen       total 70144K, used 5488K [0x00000006c0000000, 0x00000006c4480000, 0x000000076ab00000)
  object space 70144K, 7% used [0x00000006c0000000,0x00000006c055c240,0x00000006c4480000)
 Metaspace       used 20849K, capacity 21188K, committed 21504K, reserved 1069056K
  class space    used 2440K, capacity 2523K, committed 2560K, reserved 1048576K
Event: 1217.406 GC heap after
Heap after GC invocations=9 (full 1):
 PSYoungGen      total 123904K, used 256K [0x000000076ab00000, 0x0000000773200000, 0x00000007c0000000)
  eden space 115712K, 0% used [0x000000076ab00000,0x000000076ab00000,0x0000000771c00000)
  from space 8192K, 3% used [0x0000000772a00000,0x0000000772a40000,0x0000000773200000)
  to   space 11264K, 0% used [0x0000000771c00000,0x0000000771c00000,0x0000000772700000)
 ParOldGen       total 70144K, used 5496K [0x00000006c0000000, 0x00000006c4480000, 0x000000076ab00000)
  object space 70144K, 7% used [0x00000006c0000000,0x00000006c055e240,0x00000006c4480000)
 Metaspace       used 20849K, capacity 21188K, committed 21504K, reserved 1069056K
  class space    used 2440K, capacity 2523K, committed 2560K, reserved 1048576K
}
Event: 1561.694 GC heap before
{Heap before GC invocations=10 (full 1):
 PSYoungGen      total 123904K, used 115968K [0x000000076ab00000, 0x0000000773200000, 0x00000007c0000000)
  eden space 115712K, 100% used [0x000000076ab00000,0x0000000771c00000,0x0000000771c00000)
  from space 8192K, 3% used [0x0000000772a00000,0x0000000772a40000,0x0000000773200000)
  to   space 11264K, 0% used [0x0000000771c00000,0x0000000771c00000,0x0000000772700000)
 ParOldGen       total 70144K, used 5496K [0x00000006c0000000, 0x00000006c4480000, 0x000000076ab00000)
  object space 70144K, 7% used [0x00000006c0000000,0x00000006c055e240,0x00000006c4480000)
 Metaspace       used 20849K, capacity 21188K, committed 21504K, reserved 1069056K
  class space    used 2440K, capacity 2523K, committed 2560K, reserved 1048576K
Event: 1561.695 GC heap after
Heap after GC invocations=10 (full 1):
 PSYoungGen      total 112640K, used 256K [0x000000076ab00000, 0x0000000772e80000, 0x00000007c0000000)
  eden space 112128K, 0% used [0x000000076ab00000,0x000000076ab00000,0x0000000771880000)
  from space 512K, 50% used [0x0000000771c00000,0x0000000771c40000,0x0000000771c80000)
  to   space 11264K, 0% used [0x0000000772380000,0x0000000772380000,0x0000000772e80000)
 ParOldGen       total 70144K, used 5552K [0x00000006c0000000, 0x00000006c4480000, 0x000000076ab00000)
  object space 70144K, 7% used [0x00000006c0000000,0x00000006c056c240,0x00000006c4480000)
 Metaspace       used 20849K, capacity 21188K, committed 21504K, reserved 1069056K
  class space    used 2440K, capacity 2523K, committed 2560K, reserved 1048576K
}

