# JRE version: Java(TM) SE Runtime Environment (8.0_161-b12) (build 1.8.0_161-b12)
# Java VM: Java HotSpot(TM) 64-Bit Server VM (25.161-b12 mixed mode bsd-amd64 compressed oops)
Heap:
 PSYoungGen      total 31744K, used 17105K [0x000000076ab00000, 0x000000076cb00000, 0x00000007c0000000)
  eden space 31232K, 53% used [0x000000076ab00000,0x000000076bb746a8,0x000000076c980000)
  from space 512K, 50% used [0x000000076ca80000,0x000000076cac0000,0x000000076cb00000)
  to   space 512K, 0% used [0x000000076ca00000,0x000000076ca00000,0x000000076ca80000)
 ParOldGen       total 175104K, used 6665K [0x00000006c0000000, 0x00000006cab00000, 0x000000076ab00000)
  object space 175104K, 3% used [0x00000006c0000000,0x00000006c0682710,0x00000006cab00000)
 Metaspace       used 19392K, capacity 19636K, committed 19712K, reserved 1067008K
  class space    used 2187K, capacity 2281K, committed 2304K, reserved 1048576K
GC Heap History (10 events):
Event: 21937.138 GC heap before
{Heap before GC invocations=208 (full 0):
 PSYoungGen      total 31744K, used 31424K [0x000000076ab00000, 0x000000076cb00000, 0x00000007c0000000)
  eden space 31232K, 100% used [0x000000076ab00000,0x000000076c980000,0x000000076c980000)
  from space 512K, 37% used [0x000000076ca00000,0x000000076ca30000,0x000000076ca80000)
  to   space 512K, 0% used [0x000000076ca80000,0x000000076ca80000,0x000000076cb00000)
 ParOldGen       total 175104K, used 6593K [0x00000006c0000000, 0x00000006cab00000, 0x000000076ab00000)
  object space 175104K, 3% used [0x00000006c0000000,0x00000006c0670700,0x00000006cab00000)
 Metaspace       used 19329K, capacity 19572K, committed 19712K, reserved 1067008K
  class space    used 2178K, capacity 2281K, committed 2304K, reserved 1048576K
Event: 21937.139 GC heap after
Heap after GC invocations=208 (full 0):
 PSYoungGen      total 31744K, used 256K [0x000000076ab00000, 0x000000076cb00000, 0x00000007c0000000)
  eden space 31232K, 0% used [0x000000076ab00000,0x000000076ab00000,0x000000076c980000)
  from space 512K, 50% used [0x000000076ca80000,0x000000076cac0000,0x000000076cb00000)
  to   space 512K, 0% used [0x000000076ca00000,0x000000076ca00000,0x000000076ca80000)
 ParOldGen       total 175104K, used 6593K [0x00000006c0000000, 0x00000006cab00000, 0x000000076ab00000)
  object space 175104K, 3% used [0x00000006c0000000,0x00000006c0670700,0x00000006cab00000)
 Metaspace       used 19329K, capacity 19572K, committed 19712K, reserved 1067008K
  class space    used 2178K, capacity 2281K, committed 2304K, reserved 1048576K
}
Event: 22034.406 GC heap before
{Heap before GC invocations=209 (full 0):
 PSYoungGen      total 31744K, used 31488K [0x000000076ab00000, 0x000000076cb00000, 0x00000007c0000000)
  eden space 31232K, 100% used [0x000000076ab00000,0x000000076c980000,0x000000076c980000)
  from space 512K, 50% used [0x000000076ca80000,0x000000076cac0000,0x000000076cb00000)
  to   space 512K, 0% used [0x000000076ca00000,0x000000076ca00000,0x000000076ca80000)
 ParOldGen       total 175104K, used 6593K [0x00000006c0000000, 0x00000006cab00000, 0x000000076ab00000)
  object space 175104K, 3% used [0x00000006c0000000,0x00000006c0670700,0x00000006cab00000)
 Metaspace       used 19329K, capacity 19572K, committed 19712K, reserved 1067008K
  class space    used 2178K, capacity 2281K, committed 2304K, reserved 1048576K
Event: 22034.407 GC heap after
Heap after GC invocations=209 (full 0):
 PSYoungGen      total 31744K, used 224K [0x000000076ab00000, 0x000000076cb00000, 0x00000007c0000000)
  eden space 31232K, 0% used [0x000000076ab00000,0x000000076ab00000,0x000000076c980000)
  from space 512K, 43% used [0x000000076ca00000,0x000000076ca38000,0x000000076ca80000)
  to   space 512K, 0% used [0x000000076ca80000,0x000000076ca80000,0x000000076cb00000)
 ParOldGen       total 175104K, used 6593K [0x00000006c0000000, 0x00000006cab00000, 0x000000076ab00000)
  object space 175104K, 3% used [0x00000006c0000000,0x00000006c0670700,0x00000006cab00000)
 Metaspace       used 19329K, capacity 19572K, committed 19712K, reserved 1067008K
  class space    used 2178K, capacity 2281K, committed 2304K, reserved 1048576K
}
Event: 22130.737 GC heap before
{Heap before GC invocations=210 (full 0):
 PSYoungGen      total 31744K, used 31456K [0x000000076ab00000, 0x000000076cb00000, 0x00000007c0000000)
  eden space 31232K, 100% used [0x000000076ab00000,0x000000076c980000,0x000000076c980000)
  from space 512K, 43% used [0x000000076ca00000,0x000000076ca38000,0x000000076ca80000)
  to   space 512K, 0% used [0x000000076ca80000,0x000000076ca80000,0x000000076cb00000)
 ParOldGen       total 175104K, used 6593K [0x00000006c0000000, 0x00000006cab00000, 0x000000076ab00000)
  object space 175104K, 3% used [0x00000006c0000000,0x00000006c0670700,0x00000006cab00000)
 Metaspace       used 19329K, capacity 19572K, committed 19712K, reserved 1067008K
  class space    used 2178K, capacity 2281K, committed 2304K, reserved 1048576K
Event: 22130.738 GC heap after
Heap after GC invocations=210 (full 0):
 PSYoungGen      total 31744K, used 224K [0x000000076ab00000, 0x000000076cb00000, 0x00000007c0000000)
  eden space 31232K, 0% used [0x000000076ab00000,0x000000076ab00000,0x000000076c980000)
  from space 512K, 43% used [0x000000076ca80000,0x000000076cab8000,0x000000076cb00000)
  to   space 512K, 0% used [0x000000076ca00000,0x000000076ca00000,0x000000076ca80000)
 ParOldGen       total 175104K, used 6609K [0x00000006c0000000, 0x00000006cab00000, 0x000000076ab00000)
  object space 175104K, 3% used [0x00000006c0000000,0x00000006c0674700,0x00000006cab00000)
 Metaspace       used 19329K, capacity 19572K, committed 19712K, reserved 1067008K
  class space    used 2178K, capacity 2281K, committed 2304K, reserved 1048576K
}
Event: 34651.632 GC heap before
{Heap before GC invocations=211 (full 0):
 PSYoungGen      total 31744K, used 31456K [0x000000076ab00000, 0x000000076cb00000, 0x00000007c0000000)
  eden space 31232K, 100% used [0x000000076ab00000,0x000000076c980000,0x000000076c980000)
  from space 512K, 43% used [0x000000076ca80000,0x000000076cab8000,0x000000076cb00000)
  to   space 512K, 0% used [0x000000076ca00000,0x000000076ca00000,0x000000076ca80000)
 ParOldGen       total 175104K, used 6609K [0x00000006c0000000, 0x00000006cab00000, 0x000000076ab00000)
  object space 175104K, 3% used [0x00000006c0000000,0x00000006c0674700,0x00000006cab00000)
 Metaspace       used 19386K, capacity 19636K, committed 19712K, reserved 1067008K
  class space    used 2187K, capacity 2281K, committed 2304K, reserved 1048576K
Event: 34651.633 GC heap after
Heap after GC invocations=211 (full 0):
 PSYoungGen      total 31744K, used 224K [0x000000076ab00000, 0x000000076cb00000, 0x00000007c0000000)
  eden space 31232K, 0% used [0x000000076ab00000,0x000000076ab00000,0x000000076c980000)
  from space 512K, 43% used [0x000000076ca00000,0x000000076ca38000,0x000000076ca80000)
  to   space 512K, 0% used [0x000000076ca80000,0x000000076ca80000,0x000000076cb00000)
 ParOldGen       total 175104K, used 6609K [0x00000006c0000000, 0x00000006cab00000, 0x000000076ab00000)
  object space 175104K, 3% used [0x00000006c0000000,0x00000006c0674700,0x00000006cab00000)
 Metaspace       used 19386K, capacity 19636K, committed 19712K, reserved 1067008K
  class space    used 2187K, capacity 2281K, committed 2304K, reserved 1048576K
}
Event: 74252.892 GC heap before
{Heap before GC invocations=212 (full 0):
 PSYoungGen      total 31744K, used 31456K [0x000000076ab00000, 0x000000076cb00000, 0x00000007c0000000)
  eden space 31232K, 100% used [0x000000076ab00000,0x000000076c980000,0x000000076c980000)
  from space 512K, 43% used [0x000000076ca00000,0x000000076ca38000,0x000000076ca80000)
  to   space 512K, 0% used [0x000000076ca80000,0x000000076ca80000,0x000000076cb00000)
 ParOldGen       total 175104K, used 6609K [0x00000006c0000000, 0x00000006cab00000, 0x000000076ab00000)
  object space 175104K, 3% used [0x00000006c0000000,0x00000006c0674700,0x00000006cab00000)
 Metaspace       used 19390K, capacity 19636K, committed 19712K, reserved 1067008K
  class space    used 2187K, capacity 2281K, committed 2304K, reserved 1048576K
Event: 74252.907 GC heap after
Heap after GC invocations=212 (full 0):
 PSYoungGen      total 31744K, used 256K [0x000000076ab00000, 0x000000076cb00000, 0x00000007c0000000)
  eden space 31232K, 0% used [0x000000076ab00000,0x000000076ab00000,0x000000076c980000)
  from space 512K, 50% used [0x000000076ca80000,0x000000076cac0000,0x000000076cb00000)
  to   space 512K, 0% used [0x000000076ca00000,0x000000076ca00000,0x000000076ca80000)
 ParOldGen       total 175104K, used 6665K [0x00000006c0000000, 0x00000006cab00000, 0x000000076ab00000)
  object space 175104K, 3% used [0x00000006c0000000,0x00000006c0682710,0x00000006cab00000)
 Metaspace       used 19390K, capacity 19636K, committed 19712K, reserved 1067008K
  class space    used 2187K, capacity 2281K, committed 2304K, reserved 1048576K
}

