# JRE version: Java(TM) SE Runtime Environment (8.0_161-b12) (build 1.8.0_161-b12)
# Java VM: Java HotSpot(TM) 64-Bit Server VM (25.161-b12 mixed mode bsd-amd64 compressed oops)
Heap:
 PSYoungGen      total 100352K, used 36348K [0x000000076ab00000, 0x0000000771f80000, 0x00000007c0000000)
  eden space 99840K, 36% used [0x000000076ab00000,0x000000076ce472a8,0x0000000770c80000)
  from space 512K, 43% used [0x0000000770f80000,0x0000000770fb8000,0x0000000771000000)
  to   space 9728K, 0% used [0x0000000771600000,0x0000000771600000,0x0000000771f80000)
 ParOldGen       total 175104K, used 5700K [0x00000006c0000000, 0x00000006cab00000, 0x000000076ab00000)
  object space 175104K, 3% used [0x00000006c0000000,0x00000006c0591070,0x00000006cab00000)
 Metaspace       used 20745K, capacity 21044K, committed 21248K, reserved 1069056K
  class space    used 2426K, capacity 2521K, committed 2560K, reserved 1048576K
GC Heap History (10 events):
Event: 1881.833 GC heap before
{Heap before GC invocations=9 (full 0):
 PSYoungGen      total 123392K, used 115936K [0x000000076ab00000, 0x0000000773100000, 0x00000007c0000000)
  eden space 115712K, 100% used [0x000000076ab00000,0x0000000771c00000,0x0000000771c00000)
  from space 7680K, 2% used [0x0000000772980000,0x00000007729b8000,0x0000000773100000)
  to   space 10752K, 0% used [0x0000000771c00000,0x0000000771c00000,0x0000000772680000)
 ParOldGen       total 175104K, used 4496K [0x00000006c0000000, 0x00000006cab00000, 0x000000076ab00000)
  object space 175104K, 2% used [0x00000006c0000000,0x00000006c04643c8,0x00000006cab00000)
 Metaspace       used 19513K, capacity 19732K, committed 20096K, reserved 1067008K
  class space    used 2217K, capacity 2313K, committed 2432K, reserved 1048576K
Event: 1881.835 GC heap after
Heap after GC invocations=9 (full 0):
 PSYoungGen      total 113152K, used 784K [0x000000076ab00000, 0x0000000772d80000, 0x00000007c0000000)
  eden space 112128K, 0% used [0x000000076ab00000,0x000000076ab00000,0x0000000771880000)
  from space 1024K, 76% used [0x0000000771c00000,0x0000000771cc4228,0x0000000771d00000)
  to   space 10752K, 0% used [0x0000000772300000,0x0000000772300000,0x0000000772d80000)
 ParOldGen       total 175104K, used 4544K [0x00000006c0000000, 0x00000006cab00000, 0x000000076ab00000)
  object space 175104K, 2% used [0x00000006c0000000,0x00000006c04703c8,0x00000006cab00000)
 Metaspace       used 19513K, capacity 19732K, committed 20096K, reserved 1067008K
  class space    used 2217K, capacity 2313K, committed 2432K, reserved 1048576K
}
Event: 1989.030 GC heap before
{Heap before GC invocations=10 (full 0):
 PSYoungGen      total 113152K, used 112912K [0x000000076ab00000, 0x0000000772d80000, 0x00000007c0000000)
  eden space 112128K, 100% used [0x000000076ab00000,0x0000000771880000,0x0000000771880000)
  from space 1024K, 76% used [0x0000000771c00000,0x0000000771cc4228,0x0000000771d00000)
  to   space 10752K, 0% used [0x0000000772300000,0x0000000772300000,0x0000000772d80000)
 ParOldGen       total 175104K, used 4544K [0x00000006c0000000, 0x00000006cab00000, 0x000000076ab00000)
  object space 175104K, 2% used [0x00000006c0000000,0x00000006c04703c8,0x00000006cab00000)
 Metaspace       used 20737K, capacity 21044K, committed 21248K, reserved 1069056K
  class space    used 2426K, capacity 2521K, committed 2560K, reserved 1048576K
Event: 1989.033 GC heap after
Heap after GC invocations=10 (full 0):
 PSYoungGen      total 115712K, used 2058K [0x000000076ab00000, 0x0000000772980000, 0x00000007c0000000)
  eden space 109056K, 0% used [0x000000076ab00000,0x000000076ab00000,0x0000000771580000)
  from space 6656K, 30% used [0x0000000772300000,0x0000000772502958,0x0000000772980000)
  to   space 10240K, 0% used [0x0000000771580000,0x0000000771580000,0x0000000771f80000)
 ParOldGen       total 175104K, used 4584K [0x00000006c0000000, 0x00000006cab00000, 0x000000076ab00000)
  object space 175104K, 2% used [0x00000006c0000000,0x00000006c047a3c8,0x00000006cab00000)
 Metaspace       used 20737K, capacity 21044K, committed 21248K, reserved 1069056K
  class space    used 2426K, capacity 2521K, committed 2560K, reserved 1048576K
}
Event: 2321.248 GC heap before
{Heap before GC invocations=11 (full 0):
 PSYoungGen      total 115712K, used 111114K [0x000000076ab00000, 0x0000000772980000, 0x00000007c0000000)
  eden space 109056K, 100% used [0x000000076ab00000,0x0000000771580000,0x0000000771580000)
  from space 6656K, 30% used [0x0000000772300000,0x0000000772502958,0x0000000772980000)
  to   space 10240K, 0% used [0x0000000771580000,0x0000000771580000,0x0000000771f80000)
 ParOldGen       total 175104K, used 4584K [0x00000006c0000000, 0x00000006cab00000, 0x000000076ab00000)
  object space 175104K, 2% used [0x00000006c0000000,0x00000006c047a3c8,0x00000006cab00000)
 Metaspace       used 20739K, capacity 21044K, committed 21248K, reserved 1069056K
  class space    used 2426K, capacity 2521K, committed 2560K, reserved 1048576K
Event: 2321.249 GC heap after
Heap after GC invocations=11 (full 0):
 PSYoungGen      total 106496K, used 96K [0x000000076ab00000, 0x0000000772680000, 0x00000007c0000000)
  eden space 105984K, 0% used [0x000000076ab00000,0x000000076ab00000,0x0000000771280000)
  from space 512K, 18% used [0x0000000771580000,0x0000000771598000,0x0000000771600000)
  to   space 10240K, 0% used [0x0000000771c80000,0x0000000771c80000,0x0000000772680000)
 ParOldGen       total 175104K, used 5612K [0x00000006c0000000, 0x00000006cab00000, 0x000000076ab00000)
  object space 175104K, 3% used [0x00000006c0000000,0x00000006c057b070,0x00000006cab00000)
 Metaspace       used 20739K, capacity 21044K, committed 21248K, reserved 1069056K
  class space    used 2426K, capacity 2521K, committed 2560K, reserved 1048576K
}
Event: 2648.281 GC heap before
{Heap before GC invocations=12 (full 0):
 PSYoungGen      total 106496K, used 106080K [0x000000076ab00000, 0x0000000772680000, 0x00000007c0000000)
  eden space 105984K, 100% used [0x000000076ab00000,0x0000000771280000,0x0000000771280000)
  from space 512K, 18% used [0x0000000771580000,0x0000000771598000,0x0000000771600000)
  to   space 10240K, 0% used [0x0000000771c80000,0x0000000771c80000,0x0000000772680000)
 ParOldGen       total 175104K, used 5612K [0x00000006c0000000, 0x00000006cab00000, 0x000000076ab00000)
  object space 175104K, 3% used [0x00000006c0000000,0x00000006c057b070,0x00000006cab00000)
 Metaspace       used 20745K, capacity 21044K, committed 21248K, reserved 1069056K
  class space    used 2426K, capacity 2521K, committed 2560K, reserved 1048576K
Event: 2648.282 GC heap after
Heap after GC invocations=12 (full 0):
 PSYoungGen      total 110080K, used 256K [0x000000076ab00000, 0x0000000772380000, 0x00000007c0000000)
  eden space 102912K, 0% used [0x000000076ab00000,0x000000076ab00000,0x0000000770f80000)
  from space 7168K, 3% used [0x0000000771c80000,0x0000000771cc0000,0x0000000772380000)
  to   space 10240K, 0% used [0x0000000770f80000,0x0000000770f80000,0x0000000771980000)
 ParOldGen       total 175104K, used 5652K [0x00000006c0000000, 0x00000006cab00000, 0x000000076ab00000)
  object space 175104K, 3% used [0x00000006c0000000,0x00000006c0585070,0x00000006cab00000)
 Metaspace       used 20745K, capacity 21044K, committed 21248K, reserved 1069056K
  class space    used 2426K, capacity 2521K, committed 2560K, reserved 1048576K
}
Event: 2963.602 GC heap before
{Heap before GC invocations=13 (full 0):
 PSYoungGen      total 110080K, used 103168K [0x000000076ab00000, 0x0000000772380000, 0x00000007c0000000)
  eden space 102912K, 100% used [0x000000076ab00000,0x0000000770f80000,0x0000000770f80000)
  from space 7168K, 3% used [0x0000000771c80000,0x0000000771cc0000,0x0000000772380000)
  to   space 10240K, 0% used [0x0000000770f80000,0x0000000770f80000,0x0000000771980000)
 ParOldGen       total 175104K, used 5652K [0x00000006c0000000, 0x00000006cab00000, 0x000000076ab00000)
  object space 175104K, 3% used [0x00000006c0000000,0x00000006c0585070,0x00000006cab00000)
 Metaspace       used 20745K, capacity 21044K, committed 21248K, reserved 1069056K
  class space    used 2426K, capacity 2521K, committed 2560K, reserved 1048576K
Event: 2963.603 GC heap after
Heap after GC invocations=13 (full 0):
 PSYoungGen      total 100352K, used 224K [0x000000076ab00000, 0x0000000771f80000, 0x00000007c0000000)
  eden space 99840K, 0% used [0x000000076ab00000,0x000000076ab00000,0x0000000770c80000)
  from space 512K, 43% used [0x0000000770f80000,0x0000000770fb8000,0x0000000771000000)
  to   space 9728K, 0% used [0x0000000771600000,0x0000000771600000,0x0000000771f80000)
 ParOldGen       total 175104K, used 5700K [0x00000006c0000000, 0x00000006cab00000, 0x000000076ab00000)
  object space 175104K, 3% used [0x00000006c0000000,0x00000006c0591070,0x00000006cab00000)
 Metaspace       used 20745K, capacity 21044K, committed 21248K, reserved 1069056K
  class space    used 2426K, capacity 2521K, committed 2560K, reserved 1048576K
}

